android/app/build/outputs/logs/manifest-merger-release-report.txt
-- Merging decision tree log ---
application
INJECTED from src/main/AndroidManifest.xml:20:5-61:19
MERGED from [:image_picker_android] AndroidManifest.xml:10:5-34:19
MERGED from [:image_picker_android] AndroidManifest.xml:10:5-34:19
MERGED from [:geolocator_android] AndroidManifest.xml:9:5-15:19
MERGED from [:geolocator_android] AndroidManifest.xml:9:5-15:19
MERGED from [:printing] AndroidManifest.xml:9:5-19:19
MERGED from [:printing] AndroidManifest.xml:9:5-19:19
MERGED from [:share_plus] AndroidManifest.xml:9:5-35:19
MERGED from [:share_plus] AndroidManifest.xml:9:5-35:19
MERGED from [:url_launcher_android] AndroidManifest.xml:9:5-14:19
MERGED from [:url_launcher_android] AndroidManifest.xml:9:5-14:19
MERGED from [com.google.android.gms:play-services-location:21.2.0] AndroidManifest.xml:7:5-20
MERGED from [com.google.android.gms:play-services-location:21.2.0] AndroidManifest.xml:7:5-20
MERGED from [com.google.android.gms:play-services-maps:18.2.0] AndroidManifest.xml:36:5-42:19
MERGED from [com.google.android.gms:play-services-maps:18.2.0] AndroidManifest.xml:36:5-42:19
MERGED from [com.google.android.gms:play-services-base:18.3.0] AndroidManifest.xml:19:5-23:19
MERGED from [com.google.android.gms:play-services-base:18.3.0] AndroidManifest.xml:19:5-23:19
MERGED from [com.google.android.gms:play-services-tasks:18.1.0] AndroidManifest.xml:5:5-20
MERGED from [com.google.android.gms:play-services-tasks:18.1.0] AndroidManifest.xml:5:5-20
MERGED from [com.google.android.gms:play-services-basement:18.3.0] AndroidManifest.xml:20:5-24:19
MERGED from [com.google.android.gms:play-services-basement:18.3.0] AndroidManifest.xml:20:5-24:19
MERGED from [androidx.lifecycle:lifecycle-process:2.7.0] AndroidManifest.xml:23:5-33:19
MERGED from [androidx.lifecycle:lifecycle-process:2.7.0] AndroidManifest.xml:23:5-33:19
MERGED from [androidx.window:window:1.2.0] AndroidManifest.xml:22:5-29:19
MERGED from [androidx.window:window:1.2.0] AndroidManifest.xml:22:5-29:19
MERGED from [androidx.core:core:1.13.1] AndroidManifest.xml:28:5-89
MERGED from [androidx.core:core:1.13.1] AndroidManifest.xml:28:5-89
MERGED from [androidx.profileinstaller:profileinstaller:1.3.1] AndroidManifest.xml:23:5-53:19
MERGED from [androidx.profileinstaller:profileinstaller:1.3.1] AndroidManifest.xml:23:5-53:19
MERGED from [androidx.startup:startup-runtime:1.1.1] AndroidManifest.xml:25:5-31:19
MERGED from [androidx.startup:startup-runtime:1.1.1] AndroidManifest.xml:25:5-31:19
MERGED from [androidx.versionedparcelable:versionedparcelable:1.1.1] AndroidManifest.xml:24:5-25:19
MERGED from [androidx.versionedparcelable:versionedparcelable:1.1.1] AndroidManifest.xml:24:5-25:19
MERGED from [com.google.maps.android:android-maps-utils:3.6.0] AndroidManifest.xml:7:5-11:19
MERGED from [com.google.maps.android:android-maps-utils:3.6.0] AndroidManifest.xml:7:5-11:19
	android:requestLegacyExternalStorage
		ADDED from src/main/AndroidManifest.xml:25:9-52
	android:appComponentFactory
		ADDED from [androidx.core:core:1.13.1] AndroidManifest.xml:28:18-86
	android:label
		ADDED from src/main/AndroidManifest.xml:21:9-30
	android:icon
		ADDED from src/main/AndroidManifest.xml:23:9-43
	android:theme
		ADDED from src/main/AndroidManifest.xml:24:9-43
	android:name
		INJECTED from src/main/AndroidManifest.xml
		ADDED from src/main/AndroidManifest.xml:22:9-42
meta-data#com.google.android.geo.API_KEY
INJECTED from src/main/AndroidManifest.xml:59:9-60:49
	android:value
		INJECTED from src/main/AndroidManifest.xml
		ADDED from src/main/AndroidManifest.xml:60:16-47
	android:name
		ADDED from src/main/AndroidManifest.xml:59:20-65
manifest
ADDED from src/main/AndroidManifest.xml:1:1-83:12
INJECTED from src/main/AndroidManifest.xml:1:1-83:12
INJECTED from src/main/AndroidManifest.xml:1:1-83:12
INJECTED from src/main/AndroidManifest.xml:1:1-83:12
MERGED from [:android_intent_plus] AndroidManifest.xml:2:1-9:12
MERGED from [:connectivity_plus] AndroidManifest.xml:2:1-11:12
MERGED from [:file_picker] AndroidManifest.xml:2:1-21:12
MERGED from [:flutter_contacts] AndroidManifest.xml:2:1-9:12
MERGED from [:google_maps_flutter_android] AndroidManifest.xml:2:1-9:12
MERGED from [:image_picker_android] AndroidManifest.xml:2:1-36:12
MERGED from [:flutter_plugin_android_lifecycle] AndroidManifest.xml:2:1-9:12
MERGED from [:flutter_secure_storage] AndroidManifest.xml:2:1-11:12
MERGED from [:geocoding_android] AndroidManifest.xml:2:1-9:12
MERGED from [:geolocator_android] AndroidManifest.xml:2:1-17:12
MERGED from [:image_gallery_saver] AndroidManifest.xml:2:1-9:12
MERGED from [:path_provider_android] AndroidManifest.xml:2:1-9:12
MERGED from [:permission_handler_android] AndroidManifest.xml:2:1-9:12
MERGED from [:print_bluetooth_thermal] AndroidManifest.xml:2:1-14:12
MERGED from [:printing] AndroidManifest.xml:2:1-21:12
MERGED from [:share_plus] AndroidManifest.xml:2:1-37:12
MERGED from [:shared_preferences_android] AndroidManifest.xml:2:1-9:12
MERGED from [:uni_links] AndroidManifest.xml:2:1-9:12
MERGED from [:url_launcher_android] AndroidManifest.xml:2:1-16:12
MERGED from [com.google.android.gms:play-services-location:21.2.0] AndroidManifest.xml:2:1-9:12
MERGED from [com.google.android.gms:play-services-maps:18.2.0] AndroidManifest.xml:17:1-44:12
MERGED from [com.google.android.gms:play-services-base:18.3.0] AndroidManifest.xml:16:1-24:12
MERGED from [com.google.android.gms:play-services-tasks:18.1.0] AndroidManifest.xml:2:1-6:12
MERGED from [com.google.android.gms:play-services-basement:18.3.0] AndroidManifest.xml:16:1-26:12
MERGED from [androidx.fragment:fragment:1.7.1] AndroidManifest.xml:2:1-7:12
MERGED from [androidx.activity:activity-ktx:1.9.1] AndroidManifest.xml:2:1-7:12
MERGED from [androidx.activity:activity:1.9.1] AndroidManifest.xml:17:1-22:12
MERGED from [androidx.loader:loader:1.0.0] AndroidManifest.xml:17:1-22:12
MERGED from [androidx.lifecycle:lifecycle-livedata-core-ktx:2.7.0] AndroidManifest.xml:2:1-7:12
MERGED from [androidx.lifecycle:lifecycle-livedata:2.7.0] AndroidManifest.xml:17:1-22:12
MERGED from [androidx.lifecycle:lifecycle-viewmodel-ktx:2.7.0] AndroidManifest.xml:2:1-7:12
MERGED from [androidx.lifecycle:lifecycle-runtime-ktx:2.7.0] AndroidManifest.xml:17:1-22:12
MERGED from [androidx.lifecycle:lifecycle-livedata-core:2.7.0] AndroidManifest.xml:17:1-22:12
MERGED from [androidx.lifecycle:lifecycle-viewmodel:2.7.0] AndroidManifest.xml:17:1-22:12
MERGED from [androidx.lifecycle:lifecycle-process:2.7.0] AndroidManifest.xml:17:1-35:12
MERGED from [androidx.savedstate:savedstate-ktx:1.2.1] AndroidManifest.xml:17:1-22:12
MERGED from [androidx.savedstate:savedstate:1.2.1] AndroidManifest.xml:17:1-22:12
MERGED from [androidx.lifecycle:lifecycle-runtime:2.7.0] AndroidManifest.xml:2:1-7:12
MERGED from [androidx.lifecycle:lifecycle-viewmodel-savedstate:2.7.0] AndroidManifest.xml:17:1-22:12
MERGED from [androidx.core:core-ktx:1.13.1] AndroidManifest.xml:2:1-7:12
MERGED from [androidx.browser:browser:1.8.0] AndroidManifest.xml:2:1-7:12
MERGED from [androidx.window:window:1.2.0] AndroidManifest.xml:17:1-31:12
MERGED from [androidx.window:window-java:1.2.0] AndroidManifest.xml:17:1-21:12
MERGED from [androidx.viewpager:viewpager:1.0.0] AndroidManifest.xml:17:1-22:12
MERGED from [androidx.customview:customview:1.0.0] AndroidManifest.xml:17:1-22:12
MERGED from [androidx.core:core:1.13.1] AndroidManifest.xml:17:1-30:12
MERGED from [androidx.datastore:datastore-preferences:1.0.0] AndroidManifest.xml:17:1-24:12
MERGED from [androidx.datastore:datastore:1.0.0] AndroidManifest.xml:17:1-24:12
MERGED from [androidx.security:security-crypto:1.1.0-alpha06] AndroidManifest.xml:17:1-22:12
MERGED from [androidx.exifinterface:exifinterface:1.3.7] AndroidManifest.xml:17:1-24:12
MERGED from [androidx.profileinstaller:profileinstaller:1.3.1] AndroidManifest.xml:17:1-55:12
MERGED from [androidx.startup:startup-runtime:1.1.1] AndroidManifest.xml:17:1-33:12
MERGED from [androidx.tracing:tracing:1.2.0] AndroidManifest.xml:17:1-22:12
MERGED from [androidx.versionedparcelable:versionedparcelable:1.1.1] AndroidManifest.xml:17:1-27:12
MERGED from [androidx.interpolator:interpolator:1.0.0] AndroidManifest.xml:17:1-22:12
MERGED from [androidx.arch.core:core-runtime:2.2.0] AndroidManifest.xml:17:1-22:12
MERGED from [androidx.window.extensions.core:core:1.0.0] AndroidManifest.xml:2:1-7:12
MERGED from [androidx.annotation:annotation-experimental:1.4.0] AndroidManifest.xml:2:1-7:12
MERGED from [com.google.maps.android:android-maps-utils:3.6.0] AndroidManifest.xml:2:1-13:12
INJECTED from src/main/AndroidManifest.xml:1:1-83:12
INJECTED from src/main/AndroidManifest.xml:1:1-83:12
INJECTED from src/main/AndroidManifest.xml:1:1-83:12
	package
		INJECTED from src/main/AndroidManifest.xml
		ADDED from src/main/AndroidManifest.xml:1:1-83:12
		INJECTED from src/main/AndroidManifest.xml
	android:versionName
		INJECTED from src/main/AndroidManifest.xml
		ADDED from src/main/AndroidManifest.xml:1:1-83:12
		INJECTED from src/main/AndroidManifest.xml
	android:versionCode
		INJECTED from src/main/AndroidManifest.xml
		ADDED from src/main/AndroidManifest.xml:1:1-83:12
		INJECTED from src/main/AndroidManifest.xml
	xmlns:android
		ADDED from src/main/AndroidManifest.xml:1:11-69
uses-permission#android.permission.INTERNET
ADDED from src/main/AndroidManifest.xml:2:5-66
MERGED from [com.google.android.gms:play-services-maps:18.2.0] AndroidManifest.xml:24:5-67
MERGED from [com.google.android.gms:play-services-maps:18.2.0] AndroidManifest.xml:24:5-67
	android:name
		ADDED from src/main/AndroidManifest.xml:2:22-64
uses-permission#android.permission.ACCESS_NETWORK_STATE
ADDED from src/main/AndroidManifest.xml:3:5-79
MERGED from [:connectivity_plus] AndroidManifest.xml:9:5-79
MERGED from [:connectivity_plus] AndroidManifest.xml:9:5-79
MERGED from [com.google.android.gms:play-services-maps:18.2.0] AndroidManifest.xml:23:5-79
MERGED from [com.google.android.gms:play-services-maps:18.2.0] AndroidManifest.xml:23:5-79
	android:name
		ADDED from src/main/AndroidManifest.xml:3:22-76
uses-permission#android.permission.READ_CONTACTS
ADDED from src/main/AndroidManifest.xml:4:5-72
	android:name
		ADDED from src/main/AndroidManifest.xml:4:22-69
uses-permission#android.permission.WRITE_CONTACTS
ADDED from src/main/AndroidManifest.xml:5:5-73
	android:name
		ADDED from src/main/AndroidManifest.xml:5:22-70
uses-permission#android.permission.BLUETOOTH
ADDED from src/main/AndroidManifest.xml:6:5-68
MERGED from [:print_bluetooth_thermal] AndroidManifest.xml:9:5-68
MERGED from [:print_bluetooth_thermal] AndroidManifest.xml:9:5-68
	android:name
		ADDED from src/main/AndroidManifest.xml:6:22-65
uses-permission#android.permission.BLUETOOTH_ADMIN
ADDED from src/main/AndroidManifest.xml:7:5-74
MERGED from [:print_bluetooth_thermal] AndroidManifest.xml:10:5-74
MERGED from [:print_bluetooth_thermal] AndroidManifest.xml:10:5-74
	android:name
		ADDED from src/main/AndroidManifest.xml:7:22-71
uses-permission#android.permission.BLUETOOTH_SCAN
ADDED from src/main/AndroidManifest.xml:9:5-73
MERGED from [:print_bluetooth_thermal] AndroidManifest.xml:12:5-73
MERGED from [:print_bluetooth_thermal] AndroidManifest.xml:12:5-73
	android:name
		ADDED from src/main/AndroidManifest.xml:9:22-70
uses-permission#android.permission.BLUETOOTH_ADVERTISE
ADDED from src/main/AndroidManifest.xml:10:5-78
	android:name
		ADDED from src/main/AndroidManifest.xml:10:22-75
uses-permission#android.permission.BLUETOOTH_CONNECT
ADDED from src/main/AndroidManifest.xml:11:5-76
MERGED from [:print_bluetooth_thermal] AndroidManifest.xml:11:5-76
MERGED from [:print_bluetooth_thermal] AndroidManifest.xml:11:5-76
	android:name
		ADDED from src/main/AndroidManifest.xml:11:22-73
uses-permission#android.permission.ACCESS_COARSE_LOCATION
ADDED from src/main/AndroidManifest.xml:12:5-81
	android:name
		ADDED from src/main/AndroidManifest.xml:12:22-78
uses-permission#android.permission.CAMERA
ADDED from src/main/AndroidManifest.xml:13:5-65
	android:name
		ADDED from src/main/AndroidManifest.xml:13:22-62
uses-permission#android.permission.READ_MEDIA_IMAGES
ADDED from src/main/AndroidManifest.xml:15:5-76
	android:name
		ADDED from src/main/AndroidManifest.xml:15:22-73
uses-permission#android.permission.READ_MEDIA_VIDEO
ADDED from src/main/AndroidManifest.xml:16:5-75
	android:name
		ADDED from src/main/AndroidManifest.xml:16:22-72
uses-permission#android.permission.READ_MEDIA_AUDIO
ADDED from src/main/AndroidManifest.xml:17:5-75
	android:name
		ADDED from src/main/AndroidManifest.xml:17:22-72
uses-permission#android.permission.MANAGE_EXTERNAL_STORAGE
ADDED from src/main/AndroidManifest.xml:18:5-81
	android:name
		ADDED from src/main/AndroidManifest.xml:18:22-79
queries
ADDED from src/main/AndroidManifest.xml:67:5-82:15
MERGED from [:file_picker] AndroidManifest.xml:13:5-19:15
MERGED from [:file_picker] AndroidManifest.xml:13:5-19:15
MERGED from [com.google.android.gms:play-services-maps:18.2.0] AndroidManifest.xml:30:5-34:15
MERGED from [com.google.android.gms:play-services-maps:18.2.0] AndroidManifest.xml:30:5-34:15
intent#action:name:android.intent.action.PROCESS_TEXT+data:mimeType:text/plain
ADDED from src/main/AndroidManifest.xml:68:9-71:18
action#android.intent.action.PROCESS_TEXT
ADDED from src/main/AndroidManifest.xml:69:13-72
	android:name
		ADDED from src/main/AndroidManifest.xml:69:21-70
data
ADDED from src/main/AndroidManifest.xml:70:13-50
	android:path
		ADDED from src/main/AndroidManifest.xml:51:69-92
	android:host
		ADDED from src/main/AndroidManifest.xml:51:46-68
	android:scheme
		ADDED from src/main/AndroidManifest.xml:51:23-45
	android:mimeType
		ADDED from src/main/AndroidManifest.xml:70:19-48
intent#action:name:android.intent.action.VIEW+category:name:android.intent.category.BROWSABLE+data:scheme:http
ADDED from src/main/AndroidManifest.xml:72:9-76:18
action#android.intent.action.VIEW
ADDED from src/main/AndroidManifest.xml:73:13-65
	android:name
		ADDED from src/main/AndroidManifest.xml:73:21-62
category#android.intent.category.BROWSABLE
ADDED from src/main/AndroidManifest.xml:74:13-74
	android:name
		ADDED from src/main/AndroidManifest.xml:74:23-71
intent#action:name:android.intent.action.VIEW+category:name:android.intent.category.BROWSABLE+data:scheme:https
ADDED from src/main/AndroidManifest.xml:77:9-81:18
uses-sdk
INJECTED from src/main/AndroidManifest.xml reason: use-sdk injection requested
INJECTED from src/main/AndroidManifest.xml
INJECTED from src/main/AndroidManifest.xml
MERGED from [:android_intent_plus] AndroidManifest.xml:5:5-7:41
MERGED from [:android_intent_plus] AndroidManifest.xml:5:5-7:41
MERGED from [:connectivity_plus] AndroidManifest.xml:5:5-7:41
MERGED from [:connectivity_plus] AndroidManifest.xml:5:5-7:41
MERGED from [:file_picker] AndroidManifest.xml:5:5-7:41
MERGED from [:file_picker] AndroidManifest.xml:5:5-7:41
MERGED from [:flutter_contacts] AndroidManifest.xml:5:5-7:41
MERGED from [:flutter_contacts] AndroidManifest.xml:5:5-7:41
MERGED from [:google_maps_flutter_android] AndroidManifest.xml:5:5-7:41
MERGED from [:google_maps_flutter_android] AndroidManifest.xml:5:5-7:41
MERGED from [:image_picker_android] AndroidManifest.xml:6:5-8:41
MERGED from [:image_picker_android] AndroidManifest.xml:6:5-8:41
MERGED from [:flutter_plugin_android_lifecycle] AndroidManifest.xml:5:5-7:41
MERGED from [:flutter_plugin_android_lifecycle] AndroidManifest.xml:5:5-7:41
MERGED from [:flutter_secure_storage] AndroidManifest.xml:6:5-9:53
MERGED from [:flutter_secure_storage] AndroidManifest.xml:6:5-9:53
MERGED from [:geocoding_android] AndroidManifest.xml:5:5-7:41
MERGED from [:geocoding_android] AndroidManifest.xml:5:5-7:41
MERGED from [:geolocator_android] AndroidManifest.xml:5:5-7:41
MERGED from [:geolocator_android] AndroidManifest.xml:5:5-7:41
MERGED from [:image_gallery_saver] AndroidManifest.xml:5:5-7:41
MERGED from [:image_gallery_saver] AndroidManifest.xml:5:5-7:41
MERGED from [:path_provider_android] AndroidManifest.xml:5:5-7:41
MERGED from [:path_provider_android] AndroidManifest.xml:5:5-7:41
MERGED from [:permission_handler_android] AndroidManifest.xml:5:5-7:41
MERGED from [:permission_handler_android] AndroidManifest.xml:5:5-7:41
MERGED from [:print_bluetooth_thermal] AndroidManifest.xml:5:5-7:41
MERGED from [:print_bluetooth_thermal] AndroidManifest.xml:5:5-7:41
MERGED from [:printing] AndroidManifest.xml:5:5-7:41
MERGED from [:printing] AndroidManifest.xml:5:5-7:41
MERGED from [:share_plus] AndroidManifest.xml:5:5-7:41
MERGED from [:share_plus] AndroidManifest.xml:5:5-7:41
MERGED from [:shared_preferences_android] AndroidManifest.xml:5:5-7:41
MERGED from [:shared_preferences_android] AndroidManifest.xml:5:5-7:41
MERGED from [:uni_links] AndroidManifest.xml:5:5-7:41
MERGED from [:uni_links] AndroidManifest.xml:5:5-7:41
MERGED from [:url_launcher_android] AndroidManifest.xml:5:5-7:41
MERGED from [:url_launcher_android] AndroidManifest.xml:5:5-7:41
MERGED from [com.google.android.gms:play-services-location:21.2.0] AndroidManifest.xml:5:5-44
MERGED from [com.google.android.gms:play-services-location:21.2.0] AndroidManifest.xml:5:5-44
MERGED from [com.google.android.gms:play-services-maps:18.2.0] AndroidManifest.xml:20:5-44
MERGED from [com.google.android.gms:play-services-maps:18.2.0] AndroidManifest.xml:20:5-44
MERGED from [com.google.android.gms:play-services-base:18.3.0] AndroidManifest.xml:18:5-43
MERGED from [com.google.android.gms:play-services-base:18.3.0] AndroidManifest.xml:18:5-43
MERGED from [com.google.android.gms:play-services-tasks:18.1.0] AndroidManifest.xml:4:5-43
MERGED from [com.google.android.gms:play-services-tasks:18.1.0] AndroidManifest.xml:4:5-43
MERGED from [com.google.android.gms:play-services-basement:18.3.0] AndroidManifest.xml:18:5-43
MERGED from [com.google.android.gms:play-services-basement:18.3.0] AndroidManifest.xml:18:5-43
MERGED from [androidx.fragment:fragment:1.7.1] AndroidManifest.xml:5:5-44
MERGED from [androidx.fragment:fragment:1.7.1] AndroidManifest.xml:5:5-44
MERGED from [androidx.activity:activity-ktx:1.9.1] AndroidManifest.xml:5:5-44
MERGED from [androidx.activity:activity-ktx:1.9.1] AndroidManifest.xml:5:5-44
MERGED from [androidx.activity:activity:1.9.1] AndroidManifest.xml:20:5-44
MERGED from [androidx.activity:activity:1.9.1] AndroidManifest.xml:20:5-44
MERGED from [androidx.loader:loader:1.0.0] AndroidManifest.xml:20:5-44
MERGED from [androidx.loader:loader:1.0.0] AndroidManifest.xml:20:5-44
MERGED from [androidx.lifecycle:lifecycle-livedata-core-ktx:2.7.0] AndroidManifest.xml:5:5-44
MERGED from [androidx.lifecycle:lifecycle-livedata-core-ktx:2.7.0] AndroidManifest.xml:5:5-44
MERGED from [androidx.lifecycle:lifecycle-livedata:2.7.0] AndroidManifest.xml:20:5-44
MERGED from [androidx.lifecycle:lifecycle-livedata:2.7.0] AndroidManifest.xml:20:5-44
MERGED from [androidx.lifecycle:lifecycle-viewmodel-ktx:2.7.0] AndroidManifest.xml:5:5-44
MERGED from [androidx.lifecycle:lifecycle-viewmodel-ktx:2.7.0] AndroidManifest.xml:5:5-44
MERGED from [androidx.lifecycle:lifecycle-runtime-ktx:2.7.0] AndroidManifest.xml:20:5-44
MERGED from [androidx.lifecycle:lifecycle-runtime-ktx:2.7.0] AndroidManifest.xml:20:5-44
MERGED from [androidx.lifecycle:lifecycle-livedata-core:2.7.0] AndroidManifest.xml:20:5-44
MERGED from [androidx.lifecycle:lifecycle-livedata-core:2.7.0] AndroidManifest.xml:20:5-44
MERGED from [androidx.lifecycle:lifecycle-viewmodel:2.7.0] AndroidManifest.xml:20:5-44
MERGED from [androidx.lifecycle:lifecycle-viewmodel:2.7.0] AndroidManifest.xml:20:5-44
MERGED from [androidx.lifecycle:lifecycle-process:2.7.0] AndroidManifest.xml:21:5-44
MERGED from [androidx.lifecycle:lifecycle-process:2.7.0] AndroidManifest.xml:21:5-44
MERGED from [androidx.savedstate:savedstate-ktx:1.2.1] AndroidManifest.xml:20:5-44
MERGED from [androidx.savedstate:savedstate-ktx:1.2.1] AndroidManifest.xml:20:5-44
MERGED from [androidx.savedstate:savedstate:1.2.1] AndroidManifest.xml:20:5-44
MERGED from [androidx.savedstate:savedstate:1.2.1] AndroidManifest.xml:20:5-44
MERGED from [androidx.lifecycle:lifecycle-runtime:2.7.0] AndroidManifest.xml:5:5-44
MERGED from [androidx.lifecycle:lifecycle-runtime:2.7.0] AndroidManifest.xml:5:5-44
MERGED from [androidx.lifecycle:lifecycle-viewmodel-savedstate:2.7.0] AndroidManifest.xml:20:5-44
MERGED from [androidx.lifecycle:lifecycle-viewmodel-savedstate:2.7.0] AndroidManifest.xml:20:5-44
MERGED from [androidx.core:core-ktx:1.13.1] AndroidManifest.xml:5:5-44
MERGED from [androidx.core:core-ktx:1.13.1] AndroidManifest.xml:5:5-44
MERGED from [androidx.browser:browser:1.8.0] AndroidManifest.xml:5:5-44
MERGED from [androidx.browser:browser:1.8.0] AndroidManifest.xml:5:5-44
MERGED from [androidx.window:window:1.2.0] AndroidManifest.xml:20:5-44
MERGED from [androidx.window:window:1.2.0] AndroidManifest.xml:20:5-44
MERGED from [androidx.window:window-java:1.2.0] AndroidManifest.xml:19:5-44
MERGED from [androidx.window:window-java:1.2.0] AndroidManifest.xml:19:5-44
MERGED from [androidx.viewpager:viewpager:1.0.0] AndroidManifest.xml:20:5-44
MERGED from [androidx.viewpager:viewpager:1.0.0] AndroidManifest.xml:20:5-44
MERGED from [androidx.customview:customview:1.0.0] AndroidManifest.xml:20:5-44
MERGED from [androidx.customview:customview:1.0.0] AndroidManifest.xml:20:5-44
MERGED from [androidx.core:core:1.13.1] AndroidManifest.xml:20:5-44
MERGED from [androidx.core:core:1.13.1] AndroidManifest.xml:20:5-44
MERGED from [androidx.datastore:datastore-preferences:1.0.0] AndroidManifest.xml:20:5-22:41
MERGED from [androidx.datastore:datastore-preferences:1.0.0] AndroidManifest.xml:20:5-22:41
MERGED from [androidx.datastore:datastore:1.0.0] AndroidManifest.xml:20:5-22:41
MERGED from [androidx.datastore:datastore:1.0.0] AndroidManifest.xml:20:5-22:41
MERGED from [androidx.security:security-crypto:1.1.0-alpha06] AndroidManifest.xml:20:5-44
MERGED from [androidx.security:security-crypto:1.1.0-alpha06] AndroidManifest.xml:20:5-44
MERGED from [androidx.exifinterface:exifinterface:1.3.7] AndroidManifest.xml:20:5-22:41
MERGED from [androidx.exifinterface:exifinterface:1.3.7] AndroidManifest.xml:20:5-22:41
MERGED from [androidx.profileinstaller:profileinstaller:1.3.1] AndroidManifest.xml:21:5-44
MERGED from [androidx.profileinstaller:profileinstaller:1.3.1] AndroidManifest.xml:21:5-44
MERGED from [androidx.startup:startup-runtime:1.1.1] AndroidManifest.xml:21:5-23:41
MERGED from [androidx.startup:startup-runtime:1.1.1] AndroidManifest.xml:21:5-23:41
MERGED from [androidx.tracing:tracing:1.2.0] AndroidManifest.xml:20:5-44
MERGED from [androidx.tracing:tracing:1.2.0] AndroidManifest.xml:20:5-44
MERGED from [androidx.versionedparcelable:versionedparcelable:1.1.1] AndroidManifest.xml:20:5-22:41
MERGED from [androidx.versionedparcelable:versionedparcelable:1.1.1] AndroidManifest.xml:20:5-22:41
MERGED from [androidx.interpolator:interpolator:1.0.0] AndroidManifest.xml:20:5-44
MERGED from [androidx.interpolator:interpolator:1.0.0] AndroidManifest.xml:20:5-44
MERGED from [androidx.arch.core:core-runtime:2.2.0] AndroidManifest.xml:20:5-44
MERGED from [androidx.arch.core:core-runtime:2.2.0] AndroidManifest.xml:20:5-44
MERGED from [androidx.window.extensions.core:core:1.0.0] AndroidManifest.xml:5:5-44
MERGED from [androidx.window.extensions.core:core:1.0.0] AndroidManifest.xml:5:5-44
MERGED from [androidx.annotation:annotation-experimental:1.4.0] AndroidManifest.xml:5:5-44
MERGED from [androidx.annotation:annotation-experimental:1.4.0] AndroidManifest.xml:5:5-44
MERGED from [com.google.maps.android:android-maps-utils:3.6.0] AndroidManifest.xml:5:5-44
MERGED from [com.google.maps.android:android-maps-utils:3.6.0] AndroidManifest.xml:5:5-44
INJECTED from src/main/AndroidManifest.xml
INJECTED from src/main/AndroidManifest.xml
	tools:overrideLibrary
		ADDED from [:flutter_secure_storage] AndroidManifest.xml:9:9-50
	android:targetSdkVersion
		INJECTED from src/main/AndroidManifest.xml
		ADDED from src/main/AndroidManifest.xml
		INJECTED from src/main/AndroidManifest.xml
	android:minSdkVersion
		INJECTED from src/main/AndroidManifest.xml
		ADDED from src/main/AndroidManifest.xml
		INJECTED from src/main/AndroidManifest.xml
activity#com.example.point_of_sales_cashier.MainActivity
ADDED from src/main/AndroidManifest.xml:26:9-53:20
	android:launchMode
		ADDED from src/main/AndroidManifest.xml:29:13-43
	android:hardwareAccelerated
		ADDED from src/main/AndroidManifest.xml:33:13-47
	android:windowSoftInputMode
		ADDED from src/main/AndroidManifest.xml:34:13-55
	android:exported
		ADDED from src/main/AndroidManifest.xml:28:13-36
	android:configChanges
		ADDED from src/main/AndroidManifest.xml:32:13-163
	android:theme
		ADDED from src/main/AndroidManifest.xml:31:13-47
	android:taskAffinity
		ADDED from src/main/AndroidManifest.xml:30:13-36
	android:name
		ADDED from src/main/AndroidManifest.xml:27:13-41
meta-data#io.flutter.embedding.android.NormalTheme
ADDED from src/main/AndroidManifest.xml:39:13-42:17
	android:resource
		ADDED from src/main/AndroidManifest.xml:41:15-52
	android:name
		ADDED from src/main/AndroidManifest.xml:40:15-70
intent-filter#action:name:android.intent.action.MAIN+category:name:android.intent.category.LAUNCHER
ADDED from src/main/AndroidManifest.xml:43:13-46:29
action#android.intent.action.MAIN
ADDED from src/main/AndroidManifest.xml:44:17-68
	android:name
		ADDED from src/main/AndroidManifest.xml:44:25-66
category#android.intent.category.LAUNCHER
ADDED from src/main/AndroidManifest.xml:45:17-76
	android:name
		ADDED from src/main/AndroidManifest.xml:45:27-74
intent-filter#action:name:android.intent.action.VIEW+category:name:android.intent.category.BROWSABLE+category:name:android.intent.category.DEFAULT+data:host:payment+data:path:/success+data:scheme:lakoe
ADDED from src/main/AndroidManifest.xml:47:13-52:29
category#android.intent.category.DEFAULT
ADDED from src/main/AndroidManifest.xml:49:17-76
	android:name
		ADDED from src/main/AndroidManifest.xml:49:27-73
meta-data#flutterEmbedding
ADDED from src/main/AndroidManifest.xml:56:9-58:33
	android:value
		ADDED from src/main/AndroidManifest.xml:58:13-30
	android:name
		ADDED from src/main/AndroidManifest.xml:57:13-44
uses-permission#android.permission.READ_EXTERNAL_STORAGE
ADDED from [:file_picker] AndroidManifest.xml:9:5-11:38
	android:maxSdkVersion
		ADDED from [:file_picker] AndroidManifest.xml:11:9-35
	android:name
		ADDED from [:file_picker] AndroidManifest.xml:10:9-64
intent#action:name:android.intent.action.GET_CONTENT+data:mimeType:*/*
ADDED from [:file_picker] AndroidManifest.xml:14:9-18:18
action#android.intent.action.GET_CONTENT
ADDED from [:file_picker] AndroidManifest.xml:15:13-72
	android:name
		ADDED from [:file_picker] AndroidManifest.xml:15:21-69
provider#io.flutter.plugins.imagepicker.ImagePickerFileProvider
ADDED from [:image_picker_android] AndroidManifest.xml:11:9-19:20
	android:grantUriPermissions
		ADDED from [:image_picker_android] AndroidManifest.xml:15:13-47
	android:authorities
		ADDED from [:image_picker_android] AndroidManifest.xml:13:13-74
	android:exported
		ADDED from [:image_picker_android] AndroidManifest.xml:14:13-37
	android:name
		ADDED from [:image_picker_android] AndroidManifest.xml:12:13-82
meta-data#android.support.FILE_PROVIDER_PATHS
ADDED from [:image_picker_android] AndroidManifest.xml:16:13-18:75
	android:resource
		ADDED from [:image_picker_android] AndroidManifest.xml:18:17-72
	android:name
		ADDED from [:image_picker_android] AndroidManifest.xml:17:17-67
service#com.google.android.gms.metadata.ModuleDependencies
ADDED from [:image_picker_android] AndroidManifest.xml:21:9-33:19
	android:enabled
		ADDED from [:image_picker_android] AndroidManifest.xml:23:13-36
	android:exported
		ADDED from [:image_picker_android] AndroidManifest.xml:24:13-37
	tools:ignore
		ADDED from [:image_picker_android] AndroidManifest.xml:25:13-40
	android:name
		ADDED from [:image_picker_android] AndroidManifest.xml:22:13-78
intent-filter#action:name:com.google.android.gms.metadata.MODULE_DEPENDENCIES
ADDED from [:image_picker_android] AndroidManifest.xml:26:13-28:29
action#com.google.android.gms.metadata.MODULE_DEPENDENCIES
ADDED from [:image_picker_android] AndroidManifest.xml:27:17-94
	android:name
		ADDED from [:image_picker_android] AndroidManifest.xml:27:25-91
meta-data#photopicker_activity:0:required
ADDED from [:image_picker_android] AndroidManifest.xml:30:13-32:36
	android:value
		ADDED from [:image_picker_android] AndroidManifest.xml:32:17-33
	android:name
		ADDED from [:image_picker_android] AndroidManifest.xml:31:17-63
service#com.baseflow.geolocator.GeolocatorLocationService
ADDED from [:geolocator_android] AndroidManifest.xml:10:9-14:56
	android:enabled
		ADDED from [:geolocator_android] AndroidManifest.xml:12:13-35
	android:exported
		ADDED from [:geolocator_android] AndroidManifest.xml:13:13-37
	android:foregroundServiceType
		ADDED from [:geolocator_android] AndroidManifest.xml:14:13-53
	android:name
		ADDED from [:geolocator_android] AndroidManifest.xml:11:13-77
provider#net.nfet.flutter.printing.PrintFileProvider
ADDED from [:printing] AndroidManifest.xml:10:9-18:20
	android:grantUriPermissions
		ADDED from [:printing] AndroidManifest.xml:14:13-47
	android:authorities
		ADDED from [:printing] AndroidManifest.xml:12:13-68
	android:exported
		ADDED from [:printing] AndroidManifest.xml:13:13-37
	android:name
		ADDED from [:printing] AndroidManifest.xml:11:13-71
provider#dev.fluttercommunity.plus.share.ShareFileProvider
ADDED from [:share_plus] AndroidManifest.xml:15:9-23:20
	android:grantUriPermissions
		ADDED from [:share_plus] AndroidManifest.xml:19:13-47
	android:authorities
		ADDED from [:share_plus] AndroidManifest.xml:17:13-74
	android:exported
		ADDED from [:share_plus] AndroidManifest.xml:18:13-37
	android:name
		ADDED from [:share_plus] AndroidManifest.xml:16:13-77
receiver#dev.fluttercommunity.plus.share.SharePlusPendingIntent
ADDED from [:share_plus] AndroidManifest.xml:28:9-34:20
	android:exported
		ADDED from [:share_plus] AndroidManifest.xml:30:13-37
	android:name